<?xml version="1.0" encoding="UTF-8"?>
<!-- Generated by org.testng.reporters.JUnitXMLReporter -->
<testsuite ignored="0" hostname="divya" failures="0" tests="5" name="HomePage Validation" time="0.434" errors="0" timestamp="2019-12-06T15:14:55 IST">
  <testcase classname="Academy.HomePage" name="@BeforeTest initialize" time="0.113">
    <failure type="java.io.FileNotFoundException" message="C:\Users\Kalaiselvi\E2EFrameworksrc\main\java\resources\data.properties (The system cannot find the path specified)">
      <![CDATA[java.io.FileNotFoundException: C:\Users\Kalaiselvi\E2EFrameworksrc\main\java\resources\data.properties (The system cannot find the path specified)
at java.base/java.io.FileInputStream.open0(Native Method)
at java.base/java.io.FileInputStream.open(FileInputStream.java:219)
at java.base/java.io.FileInputStream.<init>(FileInputStream.java:157)
at java.base/java.io.FileInputStream.<init>(FileInputStream.java:112)
at resources.Base.initializeDriver(Base.java:28)
at Academy.HomePage.initialize(HomePage.java:22)
at java.base/java.util.concurrent.FutureTask.run(FutureTask.java:264)
at java.base/java.util.concurrent.ThreadPoolExecutor.runWorker(ThreadPoolExecutor.java:1128)
at java.base/java.util.concurrent.ThreadPoolExecutor$Worker.run(ThreadPoolExecutor.java:628)
at java.base/java.lang.Thread.run(Thread.java:834)
... Removed 15 stack frames]]>
    </failure>
  </testcase> <!-- @BeforeTest initialize -->
  <testcase classname="Academy.HomePage" name="@AfterTest tearDown" time="-1.575625495192E9">
    <skipped/>
  </testcase> <!-- @AfterTest tearDown -->
  <testcase classname="Academy.HomePage" name="basePageNavigation" time="0.0">
    <skipped/>
  </testcase> <!-- basePageNavigation -->
  <testcase classname="Academy.ValidateHeader" name="headerValidation" time="0.0">
    <skipped/>
  </testcase> <!-- headerValidation -->
  <testcase classname="Academy.ValidateNavigationBar" name="navigationBarValidation" time="0.0">
    <skipped/>
  </testcase> <!-- navigationBarValidation -->
  <testcase classname="Academy.HomePage" name="basePageNavigation" time="0.0">
    <skipped/>
  </testcase> <!-- basePageNavigation -->
  <testcase classname="Academy.ValidateHeader" name="subTitleValidation" time="0.0">
    <skipped/>
  </testcase> <!-- subTitleValidation -->
</testsuite> <!-- HomePage Validation -->
