<?xml version="1.0" encoding="UTF-8"?>
<!-- Generated by org.testng.reporters.JUnitXMLReporter -->
<testsuite ignored="0" hostname="divya" failures="0" tests="4" name="Test" time="84.691" errors="0" timestamp="2019-12-03T16:56:00 IST">
  <testcase classname="Academy.ValidateHeader" name="headerValidation" time="0.717"/>
  <testcase classname="Academy.ValidateNavigationBar" name="headerValidation" time="0.201"/>
  <testcase classname="Academy.HomePage" name="basePageNavigation" time="24.88"/>
  <testcase classname="Academy.HomePage" name="basePageNavigation" time="9.661"/>
</testsuite> <!-- Test -->
